<?xml version="1.0" encoding="UTF-8"?>
<!-- Generated by org.testng.reporters.JUnitReportReporter -->
<testsuite hostname="DESKTOP-IEI1OG8" failures="0" tests="1" name="com.runner.runner1" time="13.119" errors="0" timestamp="2020-05-18T21:01:45 IST" skipped="0">
  <testcase classname="com.runner.runner1" name="runScenario" time="13.119"/>
</testsuite> <!-- com.runner.runner1 -->
